17:52:51.713 [da-ui-backend-akka.actor.default-dispatcher-2] INFO  akka.event.slf4j.Slf4jLogger - Slf4jLogger started 
17:52:52.096 [da-ui-backend-akka.actor.default-dispatcher-7] INFO  c.d.n.store.platform.PlatformStore - Connecting to localhost:7600, using a plaintext connection sourceThread=da-ui-backend-akka.actor.default-dispatcher-4, akkaSource=akka://da-ui-backend/user/$a, sourceActorSystem=da-ui-backend, akkaTimestamp=12:22:52.094UTC
17:52:53.465 [main] INFO  c.d.navigator.NavigatorBackend$ - DA UI backend server listening on port 7500 
17:52:53.682 [da-ui-backend-akka.actor.default-dispatcher-2] INFO  c.d.n.store.platform.PlatformStore - Time service is available, platform time is 2018-11-02T00:00:00Z sourceThread=scala-execution-context-global-11, akkaSource=akka://da-ui-backend/user/$a, sourceActorSystem=da-ui-backend, akkaTimestamp=12:22:53.682UTC
17:52:53.686 [da-ui-backend-akka.actor.default-dispatcher-2] INFO  c.d.n.store.platform.PlatformStore - Connected to platform at 'localhost:7600' sourceThread=scala-execution-context-global-12, akkaTimestamp=12:22:53.686UTC, akkaSource=akka://da-ui-backend/user/$a, sourceActorSystem=da-ui-backend
17:52:55.362 [da-ui-backend-akka.actor.default-dispatcher-3] INFO  c.d.n.s.platform.PlatformSubscriber - Successfully loaded packages [SimpleString(b20f74312806d72a4cad37971204e135522102c3d28c1c648cc9a64de887acce), SimpleString(949a560ced8dd910f745e405e2c6bfbfb73348e0171c26b096054b30a5792fea), SimpleString(cb7a8ab860430b7ee6099d3cb97a6ad13f4430699785dd902fda765aa8e2f143)] sourceThread=da-ui-backend-akka.actor.default-dispatcher-4, akkaSource=akka://da-ui-backend/user/$a/party-Client, sourceActorSystem=da-ui-backend, akkaTimestamp=12:22:55.362UTC
17:52:55.363 [da-ui-backend-akka.actor.default-dispatcher-3] INFO  c.d.n.s.platform.PlatformSubscriber - Successfully loaded packages [SimpleString(b20f74312806d72a4cad37971204e135522102c3d28c1c648cc9a64de887acce), SimpleString(949a560ced8dd910f745e405e2c6bfbfb73348e0171c26b096054b30a5792fea), SimpleString(cb7a8ab860430b7ee6099d3cb97a6ad13f4430699785dd902fda765aa8e2f143)] sourceThread=da-ui-backend-akka.actor.default-dispatcher-6, akkaTimestamp=12:22:55.363UTC, akkaSource=akka://da-ui-backend/user/$a/party-Issuer, sourceActorSystem=da-ui-backend
17:52:55.364 [da-ui-backend-akka.actor.default-dispatcher-3] INFO  c.d.n.s.platform.PlatformSubscriber - Successfully loaded packages [SimpleString(b20f74312806d72a4cad37971204e135522102c3d28c1c648cc9a64de887acce), SimpleString(949a560ced8dd910f745e405e2c6bfbfb73348e0171c26b096054b30a5792fea), SimpleString(cb7a8ab860430b7ee6099d3cb97a6ad13f4430699785dd902fda765aa8e2f143)] sourceThread=da-ui-backend-akka.actor.default-dispatcher-2, akkaTimestamp=12:22:55.364UTC, akkaSource=akka://da-ui-backend/user/$a/party-Regulator, sourceActorSystem=da-ui-backend
17:52:55.365 [da-ui-backend-akka.actor.default-dispatcher-3] INFO  c.d.n.s.platform.PlatformSubscriber - Successfully loaded packages [SimpleString(b20f74312806d72a4cad37971204e135522102c3d28c1c648cc9a64de887acce), SimpleString(949a560ced8dd910f745e405e2c6bfbfb73348e0171c26b096054b30a5792fea), SimpleString(cb7a8ab860430b7ee6099d3cb97a6ad13f4430699785dd902fda765aa8e2f143)] sourceThread=da-ui-backend-akka.actor.default-dispatcher-7, akkaTimestamp=12:22:55.365UTC, akkaSource=akka://da-ui-backend/user/$a/party-Intermediary, sourceActorSystem=da-ui-backend
17:53:18.372 [da-ui-backend-akka.actor.default-dispatcher-6] INFO  c.d.navigator.NavigatorBackend$ - Logged out user 'Client' 
17:53:26.492 [da-ui-backend-akka.actor.default-dispatcher-10] INFO  c.d.navigator.NavigatorBackend$ - Logged out user 'Regulator' 
17:53:32.187 [da-ui-backend-akka.actor.default-dispatcher-10] INFO  c.d.navigator.NavigatorBackend$ - Logged out user 'Intermediary' 
17:53:39.122 [da-ui-backend-akka.actor.default-dispatcher-10] INFO  c.d.navigator.NavigatorBackend$ - Logged out user 'Issuer' 
17:53:47.405 [da-ui-backend-akka.actor.default-dispatcher-15] INFO  c.d.navigator.NavigatorBackend$ - Logged out user 'Issuer' 
17:54:36.594 [da-ui-backend-akka.actor.default-dispatcher-4] INFO  c.d.navigator.NavigatorBackend$ - Logged out user 'Client' 
17:55:06.937 [da-ui-backend-akka.actor.default-dispatcher-14] INFO  c.d.navigator.NavigatorBackend$ - Logged out user 'Regulator' 
17:55:35.427 [da-ui-backend-akka.actor.default-dispatcher-3] INFO  c.d.navigator.NavigatorBackend$ - Logged out user 'Intermediary' 
18:01:17.856 [da-ui-backend-akka.actor.default-dispatcher-4] INFO  c.d.navigator.NavigatorBackend$ - Logged out user 'Client' 
18:05:19.562 [da-ui-backend-akka.actor.default-dispatcher-14] INFO  c.d.n.s.platform.PlatformSubscriber - Command 'e789886aca96bf2e' completed with status 'CommandStatusError(INVALID_ARGUMENT,Command interpretation error in LF-DAMLe: The following errors occured: node NodeId(0) (Identifier(SimpleString(b20f74312806d72a4cad37971204e135522102c3d28c1c648cc9a64de887acce),DA.RefApps.StructuredProducts.DCN:TradeProposal)) requires controllers: SimpleString(Intermediary), but only SimpleString(Issuer) were given. Details: N/A.)'. sourceThread=da-ui-backend-akka.actor.default-dispatcher-14, akkaSource=akka://da-ui-backend/user/$a/party-Issuer, sourceActorSystem=da-ui-backend, akkaTimestamp=12:35:19.562UTC
18:07:13.930 [da-ui-backend-akka.actor.default-dispatcher-10] INFO  c.d.n.s.platform.PlatformSubscriber - Command 'fff31fc096a83739' completed with status 'CommandStatusError(INVALID_ARGUMENT,Command interpretation error in LF-DAMLe: The following errors occured: node NodeId(0) (Identifier(SimpleString(b20f74312806d72a4cad37971204e135522102c3d28c1c648cc9a64de887acce),DA.RefApps.StructuredProducts.DCN:TradeProposal)) requires controllers: SimpleString(Intermediary), but only SimpleString(Issuer) were given. Details: N/A.)'. sourceThread=da-ui-backend-akka.actor.default-dispatcher-3, akkaSource=akka://da-ui-backend/user/$a/party-Issuer, sourceActorSystem=da-ui-backend, akkaTimestamp=12:37:13.930UTC
18:08:18.074 [da-ui-backend-akka.actor.default-dispatcher-3] INFO  c.d.navigator.NavigatorBackend$ - Logged out user 'Issuer' 
18:08:44.586 [da-ui-backend-akka.actor.default-dispatcher-14] INFO  c.d.n.s.platform.PlatformSubscriber - Command 'd19c80caee992c50' completed successfully. sourceThread=da-ui-backend-akka.actor.default-dispatcher-10, akkaTimestamp=12:38:44.586UTC, akkaSource=akka://da-ui-backend/user/$a/party-Intermediary, sourceActorSystem=da-ui-backend
18:08:49.884 [da-ui-backend-akka.actor.default-dispatcher-14] INFO  c.d.navigator.NavigatorBackend$ - Logged out user 'Intermediary' 
18:08:58.359 [da-ui-backend-akka.actor.default-dispatcher-10] INFO  c.d.navigator.NavigatorBackend$ - Logged out user 'Intermediary' 
18:09:17.149 [da-ui-backend-akka.actor.default-dispatcher-10] INFO  c.d.n.s.platform.PlatformSubscriber - Command 'cbb92b3b7ffbf51a' completed with status 'CommandStatusError(INVALID_ARGUMENT,Command interpretation error in LF-DAMLe: Interpretation error: Error: User abort: Assertion failed. Details: Last location: [DA.Internal.Assert:19], partial transaction: <empty transaction>.)'. sourceThread=da-ui-backend-akka.actor.default-dispatcher-14, akkaSource=akka://da-ui-backend/user/$a/party-Intermediary, sourceActorSystem=da-ui-backend, akkaTimestamp=12:39:17.148UTC
18:10:11.713 [da-ui-backend-akka.actor.default-dispatcher-3] INFO  c.d.n.s.platform.PlatformSubscriber - Command '2517e6985ad245e7' completed with status 'CommandStatusError(INVALID_ARGUMENT,Command interpretation error in LF-DAMLe: Interpretation error: Error: User abort: Assertion failed. Details: Last location: [DA.Internal.Assert:19], partial transaction: <empty transaction>.)'. sourceThread=da-ui-backend-akka.actor.default-dispatcher-3, akkaSource=akka://da-ui-backend/user/$a/party-Intermediary, sourceActorSystem=da-ui-backend, akkaTimestamp=12:40:11.712UTC
18:11:01.551 [da-ui-backend-akka.actor.default-dispatcher-3] INFO  c.d.navigator.NavigatorBackend$ - Logged out user 'Intermediary' 
18:11:16.107 [da-ui-backend-akka.actor.default-dispatcher-10] INFO  c.d.navigator.NavigatorBackend$ - Logged out user 'Issuer' 
18:11:56.383 [da-ui-backend-akka.actor.default-dispatcher-10] INFO  c.d.n.s.platform.PlatformSubscriber - Command '9ce3b9d35fc36f96' completed with status 'CommandStatusError(INVALID_ARGUMENT,Command interpretation error in LF-DAMLe: Interpretation error: Error: User abort: Assertion failed. Details: Last location: [DA.Internal.Assert:19], partial transaction: <empty transaction>.)'. sourceThread=da-ui-backend-akka.actor.default-dispatcher-10, akkaSource=akka://da-ui-backend/user/$a/party-Intermediary, sourceActorSystem=da-ui-backend, akkaTimestamp=12:41:56.383UTC
18:13:31.752 [da-ui-backend-akka.actor.default-dispatcher-3] INFO  c.d.navigator.NavigatorBackend$ - Logged out user 'Intermediary' 
18:13:38.737 [da-ui-backend-akka.actor.default-dispatcher-5] INFO  c.d.navigator.NavigatorBackend$ - Logged out user 'Client' 
18:14:01.965 [da-ui-backend-akka.actor.default-dispatcher-10] INFO  c.d.n.s.platform.PlatformSubscriber - Command 'd4715a51261cff92' completed successfully. sourceThread=da-ui-backend-akka.actor.default-dispatcher-3, akkaTimestamp=12:44:01.965UTC, akkaSource=akka://da-ui-backend/user/$a/party-Intermediary, sourceActorSystem=da-ui-backend
18:14:08.121 [da-ui-backend-akka.actor.default-dispatcher-10] INFO  c.d.navigator.NavigatorBackend$ - Logged out user 'Intermediary' 
18:14:16.942 [da-ui-backend-akka.actor.default-dispatcher-4] INFO  c.d.navigator.NavigatorBackend$ - Logged out user 'Client' 
18:14:23.595 [da-ui-backend-akka.actor.default-dispatcher-5] INFO  c.d.navigator.NavigatorBackend$ - Logged out user 'Client' 
18:14:44.813 [da-ui-backend-akka.actor.default-dispatcher-5] INFO  c.d.n.s.platform.PlatformSubscriber - Command '2a340245ba8056b8' completed successfully. sourceThread=da-ui-backend-akka.actor.default-dispatcher-10, akkaSource=akka://da-ui-backend/user/$a/party-Intermediary, sourceActorSystem=da-ui-backend, akkaTimestamp=12:44:44.810UTC
18:14:59.519 [da-ui-backend-akka.actor.default-dispatcher-4] INFO  c.d.navigator.NavigatorBackend$ - Logged out user 'Intermediary' 
18:16:01.619 [da-ui-backend-akka.actor.default-dispatcher-4] INFO  c.d.n.s.platform.PlatformSubscriber - Command '6d45249e98067624' completed successfully. sourceThread=da-ui-backend-akka.actor.default-dispatcher-5, akkaSource=akka://da-ui-backend/user/$a/party-Client, sourceActorSystem=da-ui-backend, akkaTimestamp=12:46:01.618UTC
18:16:11.977 [da-ui-backend-akka.actor.default-dispatcher-5] INFO  c.d.navigator.NavigatorBackend$ - Logged out user 'Client' 
18:16:32.460 [da-ui-backend-akka.actor.default-dispatcher-6] INFO  c.d.n.store.platform.PlatformStore - Advancing time from 2018-11-02T00:00:00Z to 2019-11-11T00:00:00Z. sourceThread=da-ui-backend-akka.actor.default-dispatcher-4, akkaSource=akka://da-ui-backend/user/$a, sourceActorSystem=da-ui-backend, akkaTimestamp=12:46:32.460UTC
18:16:48.538 [da-ui-backend-akka.actor.default-dispatcher-15] INFO  c.d.n.s.platform.PlatformSubscriber - Command 'e63004c716db2c3c' completed successfully. sourceThread=da-ui-backend-akka.actor.default-dispatcher-15, akkaSource=akka://da-ui-backend/user/$a/party-Issuer, sourceActorSystem=da-ui-backend, akkaTimestamp=12:46:48.537UTC
18:16:50.997 [da-ui-backend-akka.actor.default-dispatcher-3] INFO  c.d.navigator.NavigatorBackend$ - Logged out user 'Issuer' 
18:17:14.017 [da-ui-backend-akka.actor.default-dispatcher-6] INFO  c.d.navigator.NavigatorBackend$ - Logged out user 'Intermediary' 
18:17:28.596 [da-ui-backend-akka.actor.default-dispatcher-5] INFO  c.d.n.s.platform.PlatformSubscriber - Command '4adce3020a70c972' completed successfully. sourceThread=da-ui-backend-akka.actor.default-dispatcher-16, akkaSource=akka://da-ui-backend/user/$a/party-Intermediary, sourceActorSystem=da-ui-backend, akkaTimestamp=12:47:28.596UTC
18:17:31.827 [da-ui-backend-akka.actor.default-dispatcher-16] INFO  c.d.navigator.NavigatorBackend$ - Logged out user 'Intermediary' 
18:17:51.935 [da-ui-backend-akka.actor.default-dispatcher-5] INFO  c.d.navigator.NavigatorBackend$ - Logged out user 'Client' 
