20:41:11.087 [main] INFO  c.d.l.s.L.LedgerApiServer$ - DAML LF Engine supports LF versions: 0, 0.dev, 1.0, 1.1, 1.2, 1.3, 1.dev; Transaction versions: 1, 2, 3, 4, 5, 6; Value versions: 1, 2, 3, 4 
20:41:11.170 [main] INFO  c.d.l.s.L.LedgerApiServer - Starting plainText server 
20:41:11.326 [main] INFO  c.d.l.s.L.LedgerApiServer - listening on localhost:7601 
20:41:11.332 [main] INFO  c.d.p.sandbox.SandboxApplication$ - Initialized sandbox version 100.12.15 with ledger-id = sandbox-910c0f43-bf69-48b4-9006-3b1562993d33, port = 7601, dar file = DamlPackageContainer(List(/home/irfan/Desktop/damlapp/ex-structured-products/target/structured-products.dar)), time mode = Static, ledger = in-memory, daml-engine = {} 
20:55:36.345 [sandbox-akka.actor.default-dispatcher-13] WARN  c.d.p.s.s.SandboxSubmissionService - Submission of command ea9fd04aa46adfba has failed. 
com.digitalasset.platform.server.api.ApiException: INVALID_ARGUMENT: Command interpretation error in LF-DAMLe: The following errors occured: node NodeId(0) (Identifier(SimpleString(b20f74312806d72a4cad37971204e135522102c3d28c1c648cc9a64de887acce),DA.RefApps.StructuredProducts.DCN:TradeProposal)) requires controllers: SimpleString(client), but only SimpleString(Intermediary) were given. Details: N/A.
21:01:30.934 [sandbox-akka.actor.default-dispatcher-22] WARN  c.d.p.s.s.SandboxSubmissionService - Submission of command b4c1f8d517596c95 has failed. 
com.digitalasset.platform.server.api.ApiException: INVALID_ARGUMENT: Command interpretation error in LF-DAMLe: dependency error: couldn't find contract AbsoluteContractId(#7:0 ). Details: N/A.
21:01:44.999 [sandbox-akka.actor.default-dispatcher-22] WARN  c.d.p.s.s.SandboxSubmissionService - Submission of command 16df8c0c613276bd has failed. 
com.digitalasset.platform.server.api.ApiException: INVALID_ARGUMENT: Command interpretation error in LF-DAMLe: Interpretation error: Error: User abort: Assertion failed. Details: Last location: [DA.Internal.Assert:19], partial transaction: root node 1: NodeFetch(AbsoluteContractId(#7:0),Identifier(SimpleString(b20f74312806d72a4cad37971204e135522102c3d28c1c648cc9a64de887acce),DA.RefApps.StructuredProducts.DCN:MarketData),Some(Location(SimpleString(cb7a8ab860430b7ee6099d3cb97a6ad13f4430699785dd902fda765aa8e2f143),DA.Internal.Prelude,(376,25),(376,27))),Some(Set(SimpleString(Issuer), SimpleString(Intermediary))),Set(SimpleString(Issuer)),Set(SimpleString(Regulator), SimpleString(Intermediary), SimpleString(Client), SimpleString(Issuer))).
21:15:37.900 [sandbox-akka.actor.default-dispatcher-11] WARN  c.d.p.s.s.SandboxSubmissionService - Submission of command 6eeb98dac9ed8775 has failed. 
com.digitalasset.platform.server.api.ApiException: INVALID_ARGUMENT: Command interpretation error in LF-DAMLe: The following errors occured: node NodeId(0) (Identifier(SimpleString(b20f74312806d72a4cad37971204e135522102c3d28c1c648cc9a64de887acce),DA.RefApps.StructuredProducts.DCN:PaymentInstructions)) requires controllers: SimpleString(Intermediary), but only SimpleString(Regulator) were given. Details: N/A.
21:17:07.479 [Thread-1] INFO  c.d.p.s.s.c.ReferenceCommandService - Shutting down Command Service 
21:17:07.480 [Thread-1] INFO  c.d.p.s.services.command.TrackerMap - Shutting down 0 trackers 
22:03:25.797 [main] INFO  c.d.l.s.L.LedgerApiServer$ - DAML LF Engine supports LF versions: 0, 0.dev, 1.0, 1.1, 1.2, 1.3, 1.dev; Transaction versions: 1, 2, 3, 4, 5, 6; Value versions: 1, 2, 3, 4 
22:03:25.900 [main] INFO  c.d.l.s.L.LedgerApiServer - Starting plainText server 
22:03:26.114 [main] INFO  c.d.l.s.L.LedgerApiServer - listening on localhost:7601 
22:03:26.123 [main] INFO  c.d.p.sandbox.SandboxApplication$ - Initialized sandbox version 100.12.15 with ledger-id = sandbox-ad743aff-cc29-468c-a090-155b7d874b85, port = 7601, dar file = DamlPackageContainer(List(/home/irfan/Desktop/damlapp/ex-structured-products/target/structured-products.dar)), time mode = Static, ledger = in-memory, daml-engine = {} 
22:25:40.961 [Thread-1] INFO  c.d.p.s.s.c.ReferenceCommandService - Shutting down Command Service 
22:25:40.962 [Thread-1] INFO  c.d.p.s.services.command.TrackerMap - Shutting down 0 trackers 
17:52:45.548 [main] INFO  c.d.l.s.L.LedgerApiServer$ - DAML LF Engine supports LF versions: 0, 0.dev, 1.0, 1.1, 1.2, 1.3, 1.dev; Transaction versions: 1, 2, 3, 4, 5, 6; Value versions: 1, 2, 3, 4 
17:52:45.743 [main] INFO  c.d.l.s.L.LedgerApiServer - Starting plainText server 
17:52:46.000 [main] INFO  c.d.l.s.L.LedgerApiServer - listening on localhost:7600 
17:52:46.009 [main] INFO  c.d.p.sandbox.SandboxApplication$ - Initialized sandbox version 100.12.15 with ledger-id = sandbox-7b9a742b-4182-4e81-9977-9b27b3fb13d0, port = 7600, dar file = DamlPackageContainer(List(/home/irfan/Desktop/damlusecase/damlproject/target/structured-products.dar)), time mode = Static, ledger = in-memory, daml-engine = {} 
18:05:19.427 [sandbox-akka.actor.default-dispatcher-17] WARN  c.d.p.s.s.SandboxSubmissionService - Submission of command e789886aca96bf2e has failed. 
com.digitalasset.platform.server.api.ApiException: INVALID_ARGUMENT: Command interpretation error in LF-DAMLe: The following errors occured: node NodeId(0) (Identifier(SimpleString(b20f74312806d72a4cad37971204e135522102c3d28c1c648cc9a64de887acce),DA.RefApps.StructuredProducts.DCN:TradeProposal)) requires controllers: SimpleString(Intermediary), but only SimpleString(Issuer) were given. Details: N/A.
18:07:13.929 [sandbox-akka.actor.default-dispatcher-17] WARN  c.d.p.s.s.SandboxSubmissionService - Submission of command fff31fc096a83739 has failed. 
com.digitalasset.platform.server.api.ApiException: INVALID_ARGUMENT: Command interpretation error in LF-DAMLe: The following errors occured: node NodeId(0) (Identifier(SimpleString(b20f74312806d72a4cad37971204e135522102c3d28c1c648cc9a64de887acce),DA.RefApps.StructuredProducts.DCN:TradeProposal)) requires controllers: SimpleString(Intermediary), but only SimpleString(Issuer) were given. Details: N/A.
18:09:17.146 [sandbox-akka.actor.default-dispatcher-19] WARN  c.d.p.s.s.SandboxSubmissionService - Submission of command cbb92b3b7ffbf51a has failed. 
com.digitalasset.platform.server.api.ApiException: INVALID_ARGUMENT: Command interpretation error in LF-DAMLe: Interpretation error: Error: User abort: Assertion failed. Details: Last location: [DA.Internal.Assert:19], partial transaction: <empty transaction>.
18:10:11.710 [sandbox-akka.actor.default-dispatcher-5] WARN  c.d.p.s.s.SandboxSubmissionService - Submission of command 2517e6985ad245e7 has failed. 
com.digitalasset.platform.server.api.ApiException: INVALID_ARGUMENT: Command interpretation error in LF-DAMLe: Interpretation error: Error: User abort: Assertion failed. Details: Last location: [DA.Internal.Assert:19], partial transaction: <empty transaction>.
18:11:56.381 [sandbox-akka.actor.default-dispatcher-16] WARN  c.d.p.s.s.SandboxSubmissionService - Submission of command 9ce3b9d35fc36f96 has failed. 
com.digitalasset.platform.server.api.ApiException: INVALID_ARGUMENT: Command interpretation error in LF-DAMLe: Interpretation error: Error: User abort: Assertion failed. Details: Last location: [DA.Internal.Assert:19], partial transaction: <empty transaction>.
